<?xml version="1.0" encoding="UTF-8"?>
<!-- Generated by org.testng.reporters.JUnitXMLReporter -->
<testsuite hostname="WIN-31VA3KNSDRQ" tests="11" failures="0" timestamp="1 Sep 2016 17:59:27 GMT" time="288.597" errors="0">
  <testcase name="searchWomenBlouseTest" time="5.644" classname="SearchTest"/>
  <testcase name="searchWomenTshortsTest" time="5.456" classname="SearchTest"/>
  <testcase name="shareProductWithFriendTest" time="9.703" classname="SearchTest"/>
  <testcase name="creatingNewWishListTest" time="26.868" classname="TestsAccount"/>
  <testcase name="failedChangeUserInformationTest" time="14.016" classname="TestsAccount"/>
  <testcase name="registrationTest" time="12.917" classname="TestsAccount"/>
  <testcase name="failedToSendMessageTest" time="5.852" classname="TestsContactUs"/>
  <testcase name="sendMessageTest" time="5.308" classname="TestsContactUs"/>
  <testcase name="DeleteItemFromShoppingCartTest" time="5.921" classname="TestsShopping"/>
  <testcase name="addingItemInWishlist" time="6.43" classname="TestsShopping"/>
  <testcase name="proceedToCheckOutTest" time="24.959" classname="TestsShopping"/>
</testsuite>
