<?xml version="1.0" encoding="UTF-8"?>
<testng-results skipped="6" failed="0" total="6" passed="0">
  <reporter-output>
  </reporter-output>
  <suite name="Surefire suite" duration-ms="1395" started-at="2016-09-02T08:28:46Z" finished-at="2016-09-02T08:28:47Z">
    <groups>
    </groups>
    <test name="Surefire test" duration-ms="1395" started-at="2016-09-02T08:28:46Z" finished-at="2016-09-02T08:28:47Z">
      <class name="TutByTest">
        <test-method status="FAIL" signature="setUp()[pri:0, instance:TutByTest@2fc07784]" name="setUp" is-config="true" duration-ms="0" started-at="2016-09-02T11:28:46Z" finished-at="2016-09-02T11:28:46Z">
          <exception class="java.lang.IllegalStateException">
            <message>
              <![CDATA[The path to the driver executable must be set by the webdriver.gecko.driver system property; for more information, see https://github.com/mozilla/geckodriver. The latest version can be downloaded from https://github.com/mozilla/geckodriver/releases]]>
            </message>
            <full-stacktrace>
              <![CDATA[java.lang.IllegalStateException: The path to the driver executable must be set by the webdriver.gecko.driver system property; for more information, see https://github.com/mozilla/geckodriver. The latest version can be downloaded from https://github.com/mozilla/geckodriver/releases
	at com.google.common.base.Preconditions.checkState(Preconditions.java:199)
	at org.openqa.selenium.remote.service.DriverService.findExecutable(DriverService.java:109)
	at org.openqa.selenium.firefox.GeckoDriverService.access$100(GeckoDriverService.java:38)
	at org.openqa.selenium.firefox.GeckoDriverService$Builder.findDefaultExecutable(GeckoDriverService.java:91)
	at org.openqa.selenium.remote.service.DriverService$Builder.build(DriverService.java:296)
	at org.openqa.selenium.firefox.FirefoxDriver.createCommandExecutor(FirefoxDriver.java:245)
	at org.openqa.selenium.firefox.FirefoxDriver.<init>(FirefoxDriver.java:220)
	at org.openqa.selenium.firefox.FirefoxDriver.<init>(FirefoxDriver.java:215)
	at org.openqa.selenium.firefox.FirefoxDriver.<init>(FirefoxDriver.java:211)
	at core.TestBase.setUp(TestBase.java:22)
	at sun.reflect.NativeMethodAccessorImpl.invoke0(Native Method)
	at sun.reflect.NativeMethodAccessorImpl.invoke(NativeMethodAccessorImpl.java:62)
	at sun.reflect.DelegatingMethodAccessorImpl.invoke(DelegatingMethodAccessorImpl.java:43)
	at java.lang.reflect.Method.invoke(Method.java:498)
	at org.testng.internal.MethodInvocationHelper.invokeMethod(MethodInvocationHelper.java:86)
	at org.testng.internal.Invoker.invokeConfigurationMethod(Invoker.java:514)
	at org.testng.internal.Invoker.invokeConfigurations(Invoker.java:215)
	at org.testng.internal.Invoker.invokeConfigurations(Invoker.java:142)
	at org.testng.TestRunner.beforeRun(TestRunner.java:656)
	at org.testng.TestRunner.run(TestRunner.java:624)
	at org.testng.SuiteRunner.runTest(SuiteRunner.java:366)
	at org.testng.SuiteRunner.runSequentially(SuiteRunner.java:361)
	at org.testng.SuiteRunner.privateRun(SuiteRunner.java:319)
	at org.testng.SuiteRunner.run(SuiteRunner.java:268)
	at org.testng.SuiteRunnerWorker.runSuite(SuiteRunnerWorker.java:52)
	at org.testng.SuiteRunnerWorker.run(SuiteRunnerWorker.java:86)
	at org.testng.TestNG.runSuitesSequentially(TestNG.java:1244)
	at org.testng.TestNG.runSuitesLocally(TestNG.java:1169)
	at org.testng.TestNG.run(TestNG.java:1064)
	at org.apache.maven.surefire.testng.TestNGExecutor.run(TestNGExecutor.java:115)
	at org.apache.maven.surefire.testng.TestNGDirectoryTestSuite.executeSingleClass(TestNGDirectoryTestSuite.java:129)
	at org.apache.maven.surefire.testng.TestNGDirectoryTestSuite.execute(TestNGDirectoryTestSuite.java:113)
	at org.apache.maven.surefire.testng.TestNGProvider.invoke(TestNGProvider.java:111)
	at org.apache.maven.surefire.booter.ForkedBooter.invokeProviderInSameClassLoader(ForkedBooter.java:203)
	at org.apache.maven.surefire.booter.ForkedBooter.runSuitesInProcess(ForkedBooter.java:155)
	at org.apache.maven.surefire.booter.ForkedBooter.main(ForkedBooter.java:103)
]]>
            </full-stacktrace>
          </exception> <!-- java.lang.IllegalStateException -->
          <reporter-output>
          </reporter-output>
        </test-method> <!-- setUp -->
        <test-method status="SKIP" signature="sendLetterToSecondEmail(java.lang.String)[pri:0, instance:TutByTest@2fc07784]" name="sendLetterToSecondEmail" duration-ms="4" started-at="2016-09-02T11:28:47Z" data-provider="testDataSubject" finished-at="2016-09-02T11:28:47Z">
          <params>
            <param index="0">
              <value>
                <![CDATA[firstSubject]]>
              </value>
            </param>
          </params>
          <reporter-output>
          </reporter-output>
        </test-method> <!-- sendLetterToSecondEmail -->
        <test-method status="SKIP" signature="sendLetterToSecondEmail(java.lang.String)[pri:0, instance:TutByTest@2fc07784]" name="sendLetterToSecondEmail" duration-ms="3" started-at="2016-09-02T11:28:47Z" data-provider="testDataSubject" finished-at="2016-09-02T11:28:47Z">
          <params>
            <param index="0">
              <value>
                <![CDATA[secondSubject]]>
              </value>
            </param>
          </params>
          <reporter-output>
          </reporter-output>
        </test-method> <!-- sendLetterToSecondEmail -->
        <test-method status="SKIP" signature="sendLetterToSecondEmail(java.lang.String)[pri:0, instance:TutByTest@2fc07784]" name="sendLetterToSecondEmail" duration-ms="1" started-at="2016-09-02T11:28:47Z" data-provider="testDataSubject" finished-at="2016-09-02T11:28:47Z">
          <params>
            <param index="0">
              <value>
                <![CDATA[thirdSubject]]>
              </value>
            </param>
          </params>
          <reporter-output>
          </reporter-output>
        </test-method> <!-- sendLetterToSecondEmail -->
        <test-method status="SKIP" signature="sendLetterToYourself(java.lang.String)[pri:0, instance:TutByTest@2fc07784]" name="sendLetterToYourself" duration-ms="1" started-at="2016-09-02T11:28:47Z" data-provider="testDataSubject" finished-at="2016-09-02T11:28:47Z">
          <params>
            <param index="0">
              <value>
                <![CDATA[firstSubject]]>
              </value>
            </param>
          </params>
          <reporter-output>
          </reporter-output>
        </test-method> <!-- sendLetterToYourself -->
        <test-method status="SKIP" signature="sendLetterToYourself(java.lang.String)[pri:0, instance:TutByTest@2fc07784]" name="sendLetterToYourself" duration-ms="0" started-at="2016-09-02T11:28:47Z" data-provider="testDataSubject" finished-at="2016-09-02T11:28:47Z">
          <params>
            <param index="0">
              <value>
                <![CDATA[secondSubject]]>
              </value>
            </param>
          </params>
          <reporter-output>
          </reporter-output>
        </test-method> <!-- sendLetterToYourself -->
        <test-method status="SKIP" signature="sendLetterToYourself(java.lang.String)[pri:0, instance:TutByTest@2fc07784]" name="sendLetterToYourself" duration-ms="1" started-at="2016-09-02T11:28:47Z" data-provider="testDataSubject" finished-at="2016-09-02T11:28:47Z">
          <params>
            <param index="0">
              <value>
                <![CDATA[thirdSubject]]>
              </value>
            </param>
          </params>
          <reporter-output>
          </reporter-output>
        </test-method> <!-- sendLetterToYourself -->
        <test-method status="SKIP" signature="tearDown()[pri:0, instance:TutByTest@2fc07784]" name="tearDown" is-config="true" duration-ms="1" started-at="2016-09-02T11:28:47Z" finished-at="2016-09-02T11:28:47Z">
          <reporter-output>
          </reporter-output>
        </test-method> <!-- tearDown -->
      </class> <!-- TutByTest -->
    </test> <!-- Surefire test -->
  </suite> <!-- Surefire suite -->
</testng-results>
