<?xml version="1.0" encoding="UTF-8"?>
<!-- Generated by org.testng.reporters.JUnitXMLReporter -->
<testsuite hostname="WIN-31VA3KNSDRQ" tests="6" failures="0" timestamp="2 Sep 2016 08:28:47 GMT" time="1.395" errors="0">
  <testcase name="@BeforeTest setUp" time="0.0" classname="TutByTest">
    <failure type="java.lang.IllegalStateException" message="The path to the driver executable must be set by the webdriver.gecko.driver system property; for more information, see https://github.com/mozilla/geckodriver. The latest version can be downloaded from https://github.com/mozilla/geckodriver/releases">
      <![CDATA[java.lang.IllegalStateException: The path to the driver executable must be set by the webdriver.gecko.driver system property; for more information, see https://github.com/mozilla/geckodriver. The latest version can be downloaded from https://github.com/mozilla/geckodriver/releases
	at com.google.common.base.Preconditions.checkState(Preconditions.java:199)
	at org.openqa.selenium.remote.service.DriverService.findExecutable(DriverService.java:109)
	at org.openqa.selenium.firefox.GeckoDriverService.access$100(GeckoDriverService.java:38)
	at org.openqa.selenium.firefox.GeckoDriverService$Builder.findDefaultExecutable(GeckoDriverService.java:91)
	at org.openqa.selenium.remote.service.DriverService$Builder.build(DriverService.java:296)
	at org.openqa.selenium.firefox.FirefoxDriver.createCommandExecutor(FirefoxDriver.java:245)
	at org.openqa.selenium.firefox.FirefoxDriver.<init>(FirefoxDriver.java:220)
	at org.openqa.selenium.firefox.FirefoxDriver.<init>(FirefoxDriver.java:215)
	at org.openqa.selenium.firefox.FirefoxDriver.<init>(FirefoxDriver.java:211)
	at core.TestBase.setUp(TestBase.java:22)
... Removed 26 stack frames]]>
    </failure>
  </testcase> <!-- @BeforeTest setUp -->
  <testcase name="@AfterTest tearDown" time="0.001" classname="TutByTest">
    <skipped/>
  </testcase> <!-- @AfterTest tearDown -->
  <testcase name="sendLetterToSecondEmail" time="0.004" classname="TutByTest">
    <skipped/>
  </testcase> <!-- sendLetterToSecondEmail -->
  <testcase name="sendLetterToSecondEmail" time="0.003" classname="TutByTest">
    <skipped/>
  </testcase> <!-- sendLetterToSecondEmail -->
  <testcase name="sendLetterToSecondEmail" time="0.001" classname="TutByTest">
    <skipped/>
  </testcase> <!-- sendLetterToSecondEmail -->
  <testcase name="sendLetterToYourself" time="0.001" classname="TutByTest">
    <skipped/>
  </testcase> <!-- sendLetterToYourself -->
  <testcase name="sendLetterToYourself" time="0.0" classname="TutByTest">
    <skipped/>
  </testcase> <!-- sendLetterToYourself -->
  <testcase name="sendLetterToYourself" time="0.001" classname="TutByTest">
    <skipped/>
  </testcase> <!-- sendLetterToYourself -->
</testsuite>
