<?xml version="1.0" encoding="UTF-8"?>
<testsuite name="TestSuite" time="254.768" tests="11" errors="0" skipped="0" failures="0">
  <properties>
[...]
</properties>
  <testcase name="searchWomenBlouseTest" classname="SearchTest" time="18.697"/>
  <testcase name="searchWomenTshortsTest" classname="SearchTest" time="16.705"/>
  <testcase name="shareProductWithFriendTest" classname="SearchTest" time="23.098"/>
  <testcase name="creatingNewWishListTest" classname="TestsAccount" time="39.063"/>
  <testcase name="failedChangeUserInformationTest" classname="TestsAccount" time="26.185"/>
  <testcase name="registrationTest" classname="TestsAccount" time="25.328"/>
  <testcase name="failedToSendMessageTest" classname="TestsContactUs" time="16.835"/>
  <testcase name="sendMessageTest" classname="TestsContactUs" time="16.753"/>
  <testcase name="DeleteItemFromShoppingCartTest" classname="TestsShopping" time="17.112"/>
  <testcase name="addingItemInWishlist" classname="TestsShopping" time="17.714"/>
  <testcase name="proceedToCheckOutTest" classname="TestsShopping" time="37.278"/>
</testsuite>